<?xml version="1.0" encoding="UTF-8"?>
<robot generator="Robot 5.0.1 (Python 3.8.10 on linux)" generated="20220923 11:04:51.163" rpa="false" schemaversion="3">
<suite id="s1" name="Login" source="/home/derrick/Desktop/RF/login.robot">
<test id="s1-t1" name="Login To Deriv" line="11">
<kw name="Open Browser" library="SeleniumLibrary">
<arg>https://app.deriv.com</arg>
<arg>chrome</arg>
<doc>Opens a new browser instance to the optional ``url``.</doc>
<msg timestamp="20220923 11:04:51.246" level="INFO">Opening browser 'chrome' to base url 'https://app.deriv.com'.</msg>
<status status="PASS" starttime="20220923 11:04:51.246" endtime="20220923 11:09:00.614"/>
</kw>
<kw name="Maximize Browser Window" library="SeleniumLibrary">
<doc>Maximizes current browser window.</doc>
<status status="PASS" starttime="20220923 11:09:00.615" endtime="20220923 11:09:00.779"/>
</kw>
<kw name="Set Selenium Speed" library="SeleniumLibrary">
<arg>1</arg>
<doc>Sets the delay that is waited after each Selenium command.</doc>
<status status="PASS" starttime="20220923 11:09:00.779" endtime="20220923 11:09:00.779"/>
</kw>
<kw name="Wait Until Page Contains Element" library="SeleniumLibrary">
<arg>//div[@class='btn-purchase__text_wrapper' and contains(.,'Rise')]</arg>
<arg>30</arg>
<doc>Waits until the element ``locator`` appears on the current page.</doc>
<status status="PASS" starttime="20220923 11:09:00.779" endtime="20220923 11:09:01.899"/>
</kw>
<kw name="Click Element" library="SeleniumLibrary">
<arg>dt_login_button</arg>
<doc>Click the element identified by ``locator``.</doc>
<msg timestamp="20220923 11:09:01.900" level="INFO">Clicking element 'dt_login_button'.</msg>
<status status="PASS" starttime="20220923 11:09:01.899" endtime="20220923 11:09:13.273"/>
</kw>
<kw name="Wait Until Page Contains Element" library="SeleniumLibrary">
<arg>//input[@type='email']</arg>
<arg>10</arg>
<doc>Waits until the element ``locator`` appears on the current page.</doc>
<status status="PASS" starttime="20220923 11:09:13.273" endtime="20220923 11:09:14.290"/>
</kw>
<kw name="Input Text" library="SeleniumLibrary">
<arg>//input[@type='email']</arg>
<arg>derrick@besquare.com.my</arg>
<doc>Types the given ``text`` into the text field identified by ``locator``.</doc>
<msg timestamp="20220923 11:09:14.291" level="INFO">Typing text 'derrick@besquare.com.my' into text field '//input[@type='email']'.</msg>
<status status="PASS" starttime="20220923 11:09:14.291" endtime="20220923 11:09:17.394"/>
</kw>
<kw name="Input Text" library="SeleniumLibrary">
<arg>//input[@type='password']</arg>
<arg>Derrick123</arg>
<doc>Types the given ``text`` into the text field identified by ``locator``.</doc>
<msg timestamp="20220923 11:09:17.395" level="INFO">Typing text 'Derrick123' into text field '//input[@type='password']'.</msg>
<status status="PASS" starttime="20220923 11:09:17.394" endtime="20220923 11:09:20.533"/>
</kw>
<kw name="Click Element" library="SeleniumLibrary">
<arg>//button[@type='submit']</arg>
<doc>Click the element identified by ``locator``.</doc>
<msg timestamp="20220923 11:09:20.534" level="INFO">Clicking element '//button[@type='submit']'.</msg>
<status status="PASS" starttime="20220923 11:09:20.534" endtime="20220923 11:09:37.353"/>
</kw>
<status status="PASS" starttime="20220923 11:04:51.245" endtime="20220923 11:09:37.354"/>
</test>
<test id="s1-t2" name="Verify Real Account" line="22">
<kw name="Wait Until Page Contains Element" library="SeleniumLibrary">
<arg>//*[@id="dt_core_account-info_acc-info"]</arg>
<arg>10</arg>
<doc>Waits until the element ``locator`` appears on the current page.</doc>
<status status="PASS" starttime="20220923 11:09:37.356" endtime="20220923 11:09:38.369"/>
</kw>
<kw name="Click Element" library="SeleniumLibrary">
<arg>${core_account_info}</arg>
<doc>Click the element identified by ``locator``.</doc>
<msg timestamp="20220923 11:09:38.370" level="INFO">Clicking element '//*[@id="dt_core_account-info_acc-info"]'.</msg>
<status status="PASS" starttime="20220923 11:09:38.369" endtime="20220923 11:09:40.466"/>
</kw>
<kw name="Wait Until Page Contains Element" library="SeleniumLibrary">
<arg>//*[@id="dt_core_account-info_acc-info"]</arg>
<arg>10</arg>
<doc>Waits until the element ``locator`` appears on the current page.</doc>
<status status="PASS" starttime="20220923 11:09:40.466" endtime="20220923 11:09:41.478"/>
</kw>
<kw name="Page Should Contain" library="SeleniumLibrary">
<arg>Add or manage account</arg>
<doc>Verifies that current page contains ``text``.</doc>
<msg timestamp="20220923 11:09:43.498" level="INFO">Current page contains text 'Add or manage account'.</msg>
<status status="PASS" starttime="20220923 11:09:41.479" endtime="20220923 11:09:43.499"/>
</kw>
<status status="PASS" starttime="20220923 11:09:37.355" endtime="20220923 11:09:43.499"/>
</test>
<test id="s1-t3" name="Change to Demo Account" line="27">
<kw name="Click Element" library="SeleniumLibrary">
<arg>${demo_acc_button}</arg>
<doc>Click the element identified by ``locator``.</doc>
<msg timestamp="20220923 11:09:43.503" level="INFO">Clicking element '//*[@id="dt_core_account-switcher_demo-tab"]'.</msg>
<status status="PASS" starttime="20220923 11:09:43.502" endtime="20220923 11:09:45.609"/>
</kw>
<kw name="Wait Until Page Contains Element" library="SeleniumLibrary">
<arg>//div[@id='dt_VRTC6202199']</arg>
<arg>10</arg>
<doc>Waits until the element ``locator`` appears on the current page.</doc>
<status status="PASS" starttime="20220923 11:09:45.609" endtime="20220923 11:09:46.632"/>
</kw>
<kw name="Click Element" library="SeleniumLibrary">
<arg>${demo_vrtc_button}</arg>
<doc>Click the element identified by ``locator``.</doc>
<msg timestamp="20220923 11:09:46.633" level="INFO">Clicking element '//*[@id="dt_VRTC6202199"]'.</msg>
<status status="PASS" starttime="20220923 11:09:46.632" endtime="20220923 11:09:48.815"/>
</kw>
<kw name="Wait Until Page Contains Element" library="SeleniumLibrary">
<arg>//div[@id='dt_core_account-info_acc-info']</arg>
<arg>20</arg>
<doc>Waits until the element ``locator`` appears on the current page.</doc>
<status status="PASS" starttime="20220923 11:09:48.815" endtime="20220923 11:09:49.839"/>
</kw>
<status status="PASS" starttime="20220923 11:09:43.500" endtime="20220923 11:09:49.839"/>
</test>
<status status="PASS" starttime="20220923 11:04:51.164" endtime="20220923 11:09:49.840"/>
</suite>
<statistics>
<total>
<stat pass="3" fail="0" skip="0">All Tests</stat>
</total>
<tag>
</tag>
<suite>
<stat pass="3" fail="0" skip="0" id="s1" name="Login">Login</stat>
</suite>
</statistics>
<errors>
</errors>
</robot>
